2022-09-26 14:07:36.869397 - ==============
2022-09-26 14:07:36.870398 - Run command: scan
2022-09-26 14:07:36.870398 - --------------
2022-09-26 18:50:55.986489 - ==============
2022-09-26 18:50:55.987465 - Run command: scan
2022-09-26 18:50:55.987465 - --------------
2022-09-26 18:57:43.705676 - Fail to open or read config file 'config.cfg'
2022-09-26 18:57:43.706664 - ==============
2022-09-26 18:57:43.707676 - Run command: scan
2022-09-26 18:57:43.707676 - --------------
2022-09-26 18:57:43.708662 - --------------
2022-09-26 18:57:43.709678 - Command scan done
2022-09-26 18:57:43.709678 - ==============
2022-09-26 18:58:22.849017 - ==============
2022-09-26 18:58:22.850017 - Run command: scan
2022-09-26 18:58:22.851020 - --------------
2022-09-26 18:58:32.649122 - Fail to scan
2022-09-26 18:58:32.650122 - --------------
2022-09-26 18:58:32.651122 - Command scan done
2022-09-26 18:58:32.651122 - ==============
2022-09-26 19:03:21.614849 - ==============
2022-09-26 19:03:21.615848 - Run command: scan
2022-09-26 19:03:21.615848 - --------------
2022-09-26 19:48:09.291653 - ==============
2022-09-26 19:48:09.292653 - Run command: scan
2022-09-26 19:48:09.293654 - --------------
2022-09-26 19:49:04.498376 - ==============
2022-09-26 19:49:04.499378 - Run command: scan
2022-09-26 19:49:04.500378 - --------------
2022-09-26 19:51:37.235639 - ==============
2022-09-26 19:51:37.236638 - Run command: scan
2022-09-26 19:51:37.237639 - --------------
2022-09-26 19:51:38.235210 - Fail to connection to WeConnect
2022-09-26 19:51:38.239163 - errorError during login, account plopfred.bertolus@gmail.com does not exist
2022-09-26 19:51:38.250168 - Fail to scan
2022-09-26 19:51:38.255172 - --------------
2022-09-26 19:51:38.258170 - Command scan done
2022-09-26 19:51:38.262174 - ==============
2022-09-26 19:52:09.533664 - ==============
2022-09-26 19:52:09.534663 - Run command: scan
2022-09-26 19:52:09.534663 - --------------
2022-09-26 20:36:21.918743 - ==============
2022-09-26 20:36:21.920735 - Run command: scan
2022-09-26 20:36:21.921748 - --------------
2022-09-26 20:36:33.600436 - Connection to WeConnect failed, check internet connection
2022-09-26 20:36:33.604439 - errorHTTPSConnectionPool(host='login.apps.emea.vwapps.io', port=443): Max retries exceeded with url: /authorize?redirect_uri=weconnect%3A%2F%2Fauthenticated&nonce=42389780450069585771664217381 (Caused by NewConnectionError('<urllib3.connection.HTTPSConnection object at 0x000002E1CBE686D0>: Failed to establish a new connection: [Errno 11001] getaddrinfo failed'))
2022-09-26 20:36:33.609501 - Fail to scan
2022-09-26 20:36:33.612463 - --------------
2022-09-26 20:36:33.616443 - Command scan done
2022-09-26 20:36:33.620439 - ==============
2022-09-26 20:52:02.684590 - ==============
2022-09-26 20:52:02.685594 - Run command: scan
2022-09-26 20:52:02.686591 - --------------
2022-09-26 20:52:03.537129 - Login to WeConnect failed
2022-09-26 20:52:03.540546 - errorError during login, account plopfred.bertolus@gmail.com does not exist
2022-09-26 20:52:03.548534 - Fail to scan
2022-09-26 20:52:03.552540 - --------------
2022-09-26 20:52:03.555540 - Command scan done
2022-09-26 20:52:03.558541 - ==============
2022-09-26 20:52:14.109695 - ==============
2022-09-26 20:52:14.110696 - Run command: scan
2022-09-26 20:52:14.110696 - --------------
2022-09-26 20:52:20.611702 - Fail to scan
2022-09-26 20:52:20.612700 - --------------
2022-09-26 20:52:20.613702 - Command scan done
2022-09-26 20:52:20.614713 - ==============
